Router.A

Tue Jun  7 13:50:17 2016 ROUTER_HELLO (trace) RCVD: HELLO(id=Router.B area=0 inst=1465307413 seen=['Router.C'])
Tue Jun  7 13:50:17 2016 ROUTER_HELLO (trace) SENT: HELLO(id=Router.A area=0 inst=1465307416 seen=['Router.B'])
Tue Jun  7 13:50:18 2016 ROUTER_HELLO (trace) RCVD: HELLO(id=Router.B area=0 inst=1465307413 seen=['Router.A', 'Router.C'])
Tue Jun  7 13:50:18 2016 ROUTER_HELLO (trace) SENT: HELLO(id=Router.A area=0 inst=1465307416 seen=['Router.B'])
Tue Jun  7 13:50:19 2016 ROUTER_HELLO (trace) RCVD: HELLO(id=Router.B area=0 inst=1465307413 seen=['Router.A', 'Router.C'])
Tue Jun  7 13:50:20 2016 ROUTER_HELLO (trace) RCVD: HELLO(id=Router.B area=0 inst=1465307413 seen=['Router.A', 'Router.C'])
Tue Jun  7 13:50:20 2016 ROUTER_HELLO (trace) SENT: HELLO(id=Router.A area=0 inst=1465307416 seen=['Router.B'])
Tue Jun  7 13:50:21 2016 ROUTER_HELLO (trace) RCVD: HELLO(id=Router.B area=0 inst=1465307413 seen=['Router.A', 'Router.C'])
Tue Jun  7 13:50:21 2016 ROUTER_HELLO (trace) SENT: HELLO(id=Router.A area=0 inst=1465307416 seen=['Router.B'])
Tue Jun  7 13:50:22 2016 ROUTER_HELLO (trace) RCVD: HELLO(id=Router.B area=0 inst=1465307413 seen=['Router.A', 'Router.C'])
Tue Jun  7 13:50:22 2016 ROUTER_HELLO (trace) SENT: HELLO(id=Router.A area=0 inst=1465307416 seen=['Router.B'])
Tue Jun  7 13:50:23 2016 ROUTER_HELLO (trace) RCVD: HELLO(id=Router.B area=0 inst=1465307413 seen=['Router.A', 'Router.C'])
Tue Jun  7 13:50:23 2016 ROUTER_HELLO (trace) SENT: HELLO(id=Router.A area=0 inst=1465307416 seen=['Router.B'])
Tue Jun  7 13:50:24 2016 ROUTER_HELLO (trace) RCVD: HELLO(id=Router.B area=0 inst=1465307413 seen=['Router.A', 'Router.C'])
Tue Jun  7 13:50:25 2016 ROUTER_HELLO (trace) RCVD: HELLO(id=Router.B area=0 inst=1465307413 seen=['Router.A', 'Router.C'])
Tue Jun  7 13:50:25 2016 ROUTER_HELLO (trace) SENT: HELLO(id=Router.A area=0 inst=1465307416 seen=['Router.B'])
Tue Jun  7 13:50:26 2016 ROUTER_HELLO (trace) RCVD: HELLO(id=Router.B area=0 inst=1465307413 seen=['Router.A', 'Router.C'])
Tue Jun  7 13:50:27 2016 ROUTER_HELLO (trace) RCVD: HELLO(id=Router.B area=0 inst=1465307413 seen=['Router.A', 'Router.C'])
Tue Jun  7 13:50:27 2016 ROUTER_HELLO (trace) SENT: HELLO(id=Router.A area=0 inst=1465307416 seen=['Router.B'])

Router.B

Tue Jun  7 13:50:14 2016 ROUTER_HELLO (trace) RCVD: HELLO(id=Router.C area=0 inst=1465307411 seen=[])
Tue Jun  7 13:50:14 2016 ROUTER_HELLO (trace) SENT: HELLO(id=Router.B area=0 inst=1465307413 seen=['Router.C'])
Tue Jun  7 13:50:15 2016 ROUTER_HELLO (trace) RCVD: HELLO(id=Router.C area=0 inst=1465307411 seen=['Router.B'])
Tue Jun  7 13:50:15 2016 ROUTER_HELLO (trace) SENT: HELLO(id=Router.B area=0 inst=1465307413 seen=['Router.C'])
Tue Jun  7 13:50:16 2016 ROUTER_HELLO (trace) RCVD: HELLO(id=Router.C area=0 inst=1465307411 seen=['Router.B'])
Tue Jun  7 13:50:17 2016 ROUTER_HELLO (trace) RCVD: HELLO(id=Router.C area=0 inst=1465307411 seen=['Router.B'])
Tue Jun  7 13:50:17 2016 ROUTER_HELLO (trace) SENT: HELLO(id=Router.B area=0 inst=1465307413 seen=['Router.C'])
Tue Jun  7 13:50:17 2016 ROUTER_HELLO (trace) RCVD: HELLO(id=Router.A area=0 inst=1465307416 seen=['Router.B'])
Tue Jun  7 13:50:18 2016 ROUTER_HELLO (trace) RCVD: HELLO(id=Router.C area=0 inst=1465307411 seen=['Router.B'])
Tue Jun  7 13:50:18 2016 ROUTER_HELLO (trace) SENT: HELLO(id=Router.B area=0 inst=1465307413 seen=['Router.A', 'Router.C'])
Tue Jun  7 13:50:18 2016 ROUTER_HELLO (trace) RCVD: HELLO(id=Router.A area=0 inst=1465307416 seen=['Router.B'])
Tue Jun  7 13:50:19 2016 ROUTER_HELLO (trace) RCVD: HELLO(id=Router.C area=0 inst=1465307411 seen=['Router.B'])
Tue Jun  7 13:50:19 2016 ROUTER_HELLO (trace) SENT: HELLO(id=Router.B area=0 inst=1465307413 seen=['Router.A', 'Router.C'])
Tue Jun  7 13:50:20 2016 ROUTER_HELLO (trace) RCVD: HELLO(id=Router.C area=0 inst=1465307411 seen=['Router.B'])
Tue Jun  7 13:50:20 2016 ROUTER_HELLO (trace) SENT: HELLO(id=Router.B area=0 inst=1465307413 seen=['Router.A', 'Router.C'])
Tue Jun  7 13:50:20 2016 ROUTER_HELLO (trace) RCVD: HELLO(id=Router.A area=0 inst=1465307416 seen=['Router.B'])
Tue Jun  7 13:50:21 2016 ROUTER_HELLO (trace) RCVD: HELLO(id=Router.C area=0 inst=1465307411 seen=['Router.B'])
Tue Jun  7 13:50:21 2016 ROUTER_HELLO (trace) SENT: HELLO(id=Router.B area=0 inst=1465307413 seen=['Router.A', 'Router.C'])
Tue Jun  7 13:50:21 2016 ROUTER_HELLO (trace) RCVD: HELLO(id=Router.A area=0 inst=1465307416 seen=['Router.B'])
Tue Jun  7 13:50:22 2016 ROUTER_HELLO (trace) RCVD: HELLO(id=Router.C area=0 inst=1465307411 seen=['Router.B'])
Tue Jun  7 13:50:22 2016 ROUTER_HELLO (trace) SENT: HELLO(id=Router.B area=0 inst=1465307413 seen=['Router.A', 'Router.C'])
Tue Jun  7 13:50:22 2016 ROUTER_HELLO (trace) RCVD: HELLO(id=Router.A area=0 inst=1465307416 seen=['Router.B'])
Tue Jun  7 13:50:23 2016 ROUTER_HELLO (trace) RCVD: HELLO(id=Router.C area=0 inst=1465307411 seen=['Router.B'])
Tue Jun  7 13:50:23 2016 ROUTER_HELLO (trace) SENT: HELLO(id=Router.B area=0 inst=1465307413 seen=['Router.A', 'Router.C'])

Router.C

Tue Jun  7 13:50:13 2016 ROUTER_HELLO (trace) SENT: HELLO(id=Router.C area=0 inst=1465307411 seen=[])
Tue Jun  7 13:50:14 2016 ROUTER_HELLO (trace) SENT: HELLO(id=Router.C area=0 inst=1465307411 seen=[])
Tue Jun  7 13:50:14 2016 ROUTER_HELLO (trace) RCVD: HELLO(id=Router.B area=0 inst=1465307413 seen=['Router.C'])
Tue Jun  7 13:50:15 2016 ROUTER_HELLO (trace) SENT: HELLO(id=Router.C area=0 inst=1465307411 seen=['Router.B'])
Tue Jun  7 13:50:15 2016 ROUTER_HELLO (trace) RCVD: HELLO(id=Router.B area=0 inst=1465307413 seen=['Router.C'])
Tue Jun  7 13:50:16 2016 ROUTER_HELLO (trace) SENT: HELLO(id=Router.C area=0 inst=1465307411 seen=['Router.B'])
Tue Jun  7 13:50:17 2016 ROUTER_HELLO (trace) SENT: HELLO(id=Router.C area=0 inst=1465307411 seen=['Router.B'])
Tue Jun  7 13:50:17 2016 ROUTER_HELLO (trace) RCVD: HELLO(id=Router.B area=0 inst=1465307413 seen=['Router.C'])
Tue Jun  7 13:50:18 2016 ROUTER_HELLO (trace) SENT: HELLO(id=Router.C area=0 inst=1465307411 seen=['Router.B'])
Tue Jun  7 13:50:18 2016 ROUTER_HELLO (trace) RCVD: HELLO(id=Router.B area=0 inst=1465307413 seen=['Router.A', 'Router.C'])
Tue Jun  7 13:50:19 2016 ROUTER_HELLO (trace) SENT: HELLO(id=Router.C area=0 inst=1465307411 seen=['Router.B'])
Tue Jun  7 13:50:19 2016 ROUTER_HELLO (trace) RCVD: HELLO(id=Router.B area=0 inst=1465307413 seen=['Router.A', 'Router.C'])
Tue Jun  7 13:50:20 2016 ROUTER_HELLO (trace) SENT: HELLO(id=Router.C area=0 inst=1465307411 seen=['Router.B'])
Tue Jun  7 13:50:20 2016 ROUTER_HELLO (trace) RCVD: HELLO(id=Router.B area=0 inst=1465307413 seen=['Router.A', 'Router.C'])
Tue Jun  7 13:50:21 2016 ROUTER_HELLO (trace) SENT: HELLO(id=Router.C area=0 inst=1465307411 seen=['Router.B'])
Tue Jun  7 13:50:21 2016 ROUTER_HELLO (trace) RCVD: HELLO(id=Router.B area=0 inst=1465307413 seen=['Router.A', 'Router.C'])
Tue Jun  7 13:50:22 2016 ROUTER_HELLO (trace) SENT: HELLO(id=Router.C area=0 inst=1465307411 seen=['Router.B'])
Tue Jun  7 13:50:22 2016 ROUTER_HELLO (trace) RCVD: HELLO(id=Router.B area=0 inst=1465307413 seen=['Router.A', 'Router.C'])
Tue Jun  7 13:50:23 2016 ROUTER_HELLO (trace) SENT: HELLO(id=Router.C area=0 inst=1465307411 seen=['Router.B'])
Tue Jun  7 13:50:23 2016 ROUTER_HELLO (trace) RCVD: HELLO(id=Router.B area=0 inst=1465307413 seen=['Router.A', 'Router.C'])
Tue Jun  7 13:50:24 2016 ROUTER_HELLO (trace) SENT: HELLO(id=Router.C area=0 inst=1465307411 seen=['Router.B'])
Tue Jun  7 13:50:24 2016 ROUTER_HELLO (trace) RCVD: HELLO(id=Router.B area=0 inst=1465307413 seen=['Router.A', 'Router.C'])
Tue Jun  7 13:50:25 2016 ROUTER_HELLO (trace) SENT: HELLO(id=Router.C area=0 inst=1465307411 seen=['Router.B'])
Tue Jun  7 13:50:25 2016 ROUTER_HELLO (trace) RCVD: HELLO(id=Router.B area=0 inst=1465307413 seen=['Router.A', 'Router.C'])

