Router.A

Tue Jun  7 13:42:07 2016 ROUTER_CORE (trace) Core action 'link_flow'
Tue Jun  7 13:42:07 2016 ROUTER_CORE (trace) Core action 'link_flow'
Tue Jun  7 13:42:08 2016 ROUTER_CORE (trace) Core action 'link_deliver'
Tue Jun  7 13:42:08 2016 ROUTER_CORE (trace) Core action 'send_to'
Tue Jun  7 13:42:08 2016 ROUTER_CORE (trace) Core action 'link_flow'
Tue Jun  7 13:42:08 2016 ROUTER_CORE (trace) Core action 'link_flow'
Tue Jun  7 13:42:09 2016 ROUTER_CORE (trace) Core action 'link_deliver'
Tue Jun  7 13:42:10 2016 ROUTER_CORE (trace) Core action 'link_deliver'
Tue Jun  7 13:42:10 2016 ROUTER_CORE (trace) Core action 'send_to'
Tue Jun  7 13:42:10 2016 ROUTER_CORE (trace) Core action 'link_flow'
Tue Jun  7 13:42:10 2016 ROUTER_CORE (trace) Core action 'link_flow'
Tue Jun  7 13:42:11 2016 ROUTER_CORE (trace) Core action 'link_deliver'
Tue Jun  7 13:42:11 2016 ROUTER_CORE (trace) Core action 'send_to'
Tue Jun  7 13:42:11 2016 ROUTER_CORE (trace) Core action 'link_flow'
Tue Jun  7 13:42:11 2016 ROUTER_CORE (trace) Core action 'link_flow'
Tue Jun  7 13:42:12 2016 ROUTER_CORE (trace) Core action 'link_deliver'
Tue Jun  7 13:42:12 2016 ROUTER_CORE (trace) Core action 'send_to'
Tue Jun  7 13:42:12 2016 ROUTER_CORE (trace) Core action 'link_flow'
Tue Jun  7 13:42:12 2016 ROUTER_CORE (trace) Core action 'link_flow'
Tue Jun  7 13:42:13 2016 ROUTER_CORE (trace) Core action 'link_deliver'
Tue Jun  7 13:42:13 2016 ROUTER_CORE (trace) Core action 'link_deliver'
Tue Jun  7 13:42:13 2016 ROUTER_CORE (trace) Core action 'send_to'
Tue Jun  7 13:42:13 2016 ROUTER_CORE (trace) Core action 'link_flow'
Tue Jun  7 13:42:13 2016 ROUTER_CORE (trace) Core action 'link_flow'
Tue Jun  7 13:42:13 2016 ROUTER_CORE (trace) Core action 'link_deliver'
Tue Jun  7 13:42:13 2016 ROUTER_CORE (trace) Core action 'link_detach'
Tue Jun  7 13:42:13 2016 ROUTER_CORE (trace) Core action 'link_detach'
Tue Jun  7 13:42:13 2016 ROUTER_CORE (trace) Core action 'link_detach'
Tue Jun  7 13:42:13 2016 ROUTER_CORE (trace) Core action 'link_detach'
Tue Jun  7 13:42:13 2016 ROUTER_CORE (trace) Core action 'connection_closed'

Router.B

Tue Jun  7 13:42:07 2016 ROUTER_CORE (trace) Core action 'link_flow'
Tue Jun  7 13:42:07 2016 ROUTER_CORE (trace) Core action 'link_flow'
Tue Jun  7 13:42:07 2016 ROUTER_CORE (trace) Core action 'link_flow'
Tue Jun  7 13:42:07 2016 ROUTER_CORE (trace) Core action 'link_flow'
Tue Jun  7 13:42:07 2016 ROUTER_CORE (trace) Core action 'link_deliver'
Tue Jun  7 13:42:07 2016 ROUTER_CORE (trace) Core action 'link_deliver'
Tue Jun  7 13:42:08 2016 ROUTER_CORE (trace) Core action 'send_to'
Tue Jun  7 13:42:08 2016 ROUTER_CORE (trace) Core action 'link_flow'
Tue Jun  7 13:42:08 2016 ROUTER_CORE (trace) Core action 'link_flow'
Tue Jun  7 13:42:08 2016 ROUTER_CORE (trace) Core action 'link_flow'
Tue Jun  7 13:42:08 2016 ROUTER_CORE (trace) Core action 'link_flow'
Tue Jun  7 13:42:08 2016 ROUTER_CORE (trace) Core action 'link_deliver'
Tue Jun  7 13:42:08 2016 ROUTER_CORE (trace) Core action 'link_deliver'
Tue Jun  7 13:42:09 2016 ROUTER_CORE (trace) Core action 'send_to'
Tue Jun  7 13:42:09 2016 ROUTER_CORE (trace) Core action 'link_flow'
Tue Jun  7 13:42:09 2016 ROUTER_CORE (trace) Core action 'link_flow'
Tue Jun  7 13:42:09 2016 ROUTER_CORE (trace) Core action 'link_flow'
Tue Jun  7 13:42:09 2016 ROUTER_CORE (trace) Core action 'link_flow'
Tue Jun  7 13:42:09 2016 ROUTER_CORE (trace) Core action 'link_deliver'
Tue Jun  7 13:42:10 2016 ROUTER_CORE (trace) Core action 'send_to'
Tue Jun  7 13:42:10 2016 ROUTER_CORE (trace) Core action 'link_flow'
Tue Jun  7 13:42:10 2016 ROUTER_CORE (trace) Core action 'link_flow'
Tue Jun  7 13:42:10 2016 ROUTER_CORE (trace) Core action 'link_flow'
Tue Jun  7 13:42:10 2016 ROUTER_CORE (trace) Core action 'link_flow'
Tue Jun  7 13:42:10 2016 ROUTER_CORE (trace) Core action 'link_deliver'
Tue Jun  7 13:42:10 2016 ROUTER_CORE (trace) Core action 'link_deliver'

Router.C

Tue Jun  7 13:42:00 2016 ROUTER_CORE (trace) Core action 'link_deliver'
Tue Jun  7 13:42:01 2016 ROUTER_CORE (trace) Core action 'link_deliver'
Tue Jun  7 13:42:01 2016 ROUTER_CORE (trace) Core action 'link_flow'
Tue Jun  7 13:42:01 2016 ROUTER_CORE (trace) Core action 'update_delivery'
Tue Jun  7 13:42:01 2016 ROUTER_CORE (trace) Core action 'link_detach'
Tue Jun  7 13:42:01 2016 ROUTER_CORE (trace) Core action 'connection_closed'
Tue Jun  7 13:42:01 2016 ROUTER_CORE (trace) Core action 'link_deliver'
Tue Jun  7 13:42:01 2016 ROUTER_CORE (trace) Core action 'send_to'
Tue Jun  7 13:42:01 2016 ROUTER_CORE (trace) Core action 'send_to'
Tue Jun  7 13:42:01 2016 ROUTER_CORE (trace) Core action 'link_flow'
Tue Jun  7 13:42:01 2016 ROUTER_CORE (trace) Core action 'link_flow'
Tue Jun  7 13:42:02 2016 ROUTER_CORE (trace) Core action 'link_deliver'
Tue Jun  7 13:42:02 2016 ROUTER_CORE (trace) Core action 'link_deliver'
Tue Jun  7 13:42:02 2016 ROUTER_CORE (trace) Core action 'link_deliver'
Tue Jun  7 13:42:03 2016 ROUTER_CORE (trace) Core action 'link_deliver'
Tue Jun  7 13:42:03 2016 ROUTER_CORE (trace) Core action 'send_to'
Tue Jun  7 13:42:03 2016 ROUTER_CORE (trace) Core action 'send_to'
Tue Jun  7 13:42:03 2016 ROUTER_CORE (trace) Core action 'link_flow'
Tue Jun  7 13:42:03 2016 ROUTER_CORE (trace) Core action 'link_flow'
Tue Jun  7 13:42:04 2016 ROUTER_CORE (trace) Core action 'link_deliver'
Tue Jun  7 13:42:04 2016 ROUTER_CORE (trace) Core action 'send_to'
Tue Jun  7 13:42:04 2016 ROUTER_CORE (trace) Core action 'link_flow'
Tue Jun  7 13:42:04 2016 ROUTER_CORE (trace) Core action 'link_flow'
Tue Jun  7 13:42:05 2016 ROUTER_CORE (trace) Core action 'link_deliver'
Tue Jun  7 13:42:05 2016 ROUTER_CORE (trace) Core action 'send_to'
Tue Jun  7 13:42:05 2016 ROUTER_CORE (trace) Core action 'link_flow'
Tue Jun  7 13:42:05 2016 ROUTER_CORE (trace) Core action 'link_flow'
Tue Jun  7 13:42:06 2016 ROUTER_CORE (trace) Core action 'link_deliver'
Tue Jun  7 13:42:06 2016 ROUTER_CORE (trace) Core action 'link_deliver'
Tue Jun  7 13:42:06 2016 ROUTER_CORE (trace) Core action 'link_deliver'
Tue Jun  7 13:42:07 2016 ROUTER_CORE (trace) Core action 'link_deliver'

